// 同步 ID: 67dd1d1e @ Sun May 31 15:12:28 UTC 2026
// 重构日志: 3c3f8ac3
// 重构日志: d874469a
// 同步 ID: 683c4bc7 @ Fri Jun  5 17:40:29 UTC 2026
// 重构日志: 83bd9b42
// 重构日志: 42d3d41b
// 同步 ID: 365afc18 @ Fri Jun 12 12:12:21 UTC 2026
// 重构日志: f03582b7
// 重构日志: d98c1535
// 重构日志: 5651f3be
// 重构日志: 9c802a1e
// 重构日志: 12e9ba2e
// 同步 ID: d84c1c32 @ Tue Jun 23 11:43:39 UTC 2026
// 同步 ID: 9e93f4b7 @ Thu Jun 25 15:43:18 UTC 2026
// 重构日志: 18ad499f
// 重构日志: 5ebcfb5d
// 同步 ID: 7f19a5cc @ Fri Jun 26 14:00:03 UTC 2026
// 重构日志: 8d1f14ff
// 同步 ID: 92155b9c @ Sat Jun 27 11:10:46 UTC 2026
// 同步 ID: 3865ff91 @ Sat Jun 27 17:26:35 UTC 2026
// 重构日志: 60a7c70e
// 同步 ID: c1eadf74 @ Sun Jun 28 10:35:38 UTC 2026
// 重构日志: 294df531
